app/build/intermediates/manifest_merge_blame_file/release/processReleaseMainManifest/manifest-merger-blame-release-report.txt
1<?xml version="1.0" encoding="utf-8"?>
2<manifest xmlns:android="http://schemas.android.com/apk/res/android"
3    package="com.example.smsgateway"
4    android:versionCode="1"
5    android:versionName="1.0" >
6
7    <uses-sdk
7-->INJECTED
8        android:minSdkVersion="26"
8-->INJECTED
9        android:targetSdkVersion="35" />
9-->INJECTED
10
11    <uses-permission android:name="android.permission.READ_PHONE_STATE" />
11-->src/main/AndroidManifest.xml:4:5-75
11-->src/main/AndroidManifest.xml:4:22-72
12
13    <!-- SMS -->
14    <uses-permission android:name="android.permission.SEND_SMS" />
14-->src/main/AndroidManifest.xml:7:5-67
14-->src/main/AndroidManifest.xml:7:22-64
15    <uses-permission android:name="android.permission.RECEIVE_SMS" />
15-->src/main/AndroidManifest.xml:8:5-70
15-->src/main/AndroidManifest.xml:8:22-67
16    <uses-permission android:name="android.permission.READ_SMS" />
16-->src/main/AndroidManifest.xml:9:5-67
16-->src/main/AndroidManifest.xml:9:22-64
17
18    <!-- Service / notifications -->
19    <uses-permission android:name="android.permission.FOREGROUND_SERVICE" />
19-->src/main/AndroidManifest.xml:12:5-77
19-->src/main/AndroidManifest.xml:12:22-74
20    <uses-permission android:name="android.permission.FOREGROUND_SERVICE_SPECIAL_USE" />
20-->src/main/AndroidManifest.xml:13:5-89
20-->src/main/AndroidManifest.xml:13:22-86
21    <uses-permission android:name="android.permission.POST_NOTIFICATIONS" />
21-->src/main/AndroidManifest.xml:14:5-77
21-->src/main/AndroidManifest.xml:14:22-74
22
23    <!-- Network -->
24    <uses-permission android:name="android.permission.INTERNET" />
24-->src/main/AndroidManifest.xml:17:5-67
24-->src/main/AndroidManifest.xml:17:22-64
25    <uses-permission android:name="android.permission.ACCESS_NETWORK_STATE" />
25-->src/main/AndroidManifest.xml:18:5-79
25-->src/main/AndroidManifest.xml:18:22-76
26    <uses-permission android:name="android.permission.ACCESS_WIFI_STATE" />
26-->src/main/AndroidManifest.xml:19:5-76
26-->src/main/AndroidManifest.xml:19:22-73
27
28    <!-- USB -->
29    <uses-feature
29-->src/main/AndroidManifest.xml:22:5-87
30        android:name="android.hardware.usb.host"
30-->src/main/AndroidManifest.xml:22:19-59
31        android:required="false" />
31-->src/main/AndroidManifest.xml:22:60-84
32    <uses-feature
32-->src/main/AndroidManifest.xml:23:5-92
33        android:name="android.hardware.usb.accessory"
33-->src/main/AndroidManifest.xml:23:19-64
34        android:required="false" />
34-->src/main/AndroidManifest.xml:23:65-89
35    <uses-feature
35-->src/main/AndroidManifest.xml:24:5-88
36        android:name="android.hardware.telephony"
36-->src/main/AndroidManifest.xml:24:19-60
37        android:required="false" />
37-->src/main/AndroidManifest.xml:24:61-85
38
39    <permission
39-->[androidx.core:core:1.15.0] AndroidManifest.xml:22:5-24:47
40        android:name="com.example.smsgateway.DYNAMIC_RECEIVER_NOT_EXPORTED_PERMISSION"
40-->[androidx.core:core:1.15.0] AndroidManifest.xml:23:9-81
41        android:protectionLevel="signature" />
41-->[androidx.core:core:1.15.0] AndroidManifest.xml:24:9-44
42
43    <uses-permission android:name="com.example.smsgateway.DYNAMIC_RECEIVER_NOT_EXPORTED_PERMISSION" />
43-->[androidx.core:core:1.15.0] AndroidManifest.xml:26:5-97
43-->[androidx.core:core:1.15.0] AndroidManifest.xml:26:22-94
44
45    <application
45-->src/main/AndroidManifest.xml:26:5-72:19
46        android:allowBackup="true"
46-->src/main/AndroidManifest.xml:27:9-35
47        android:appComponentFactory="androidx.core.app.CoreComponentFactory"
47-->[androidx.core:core:1.15.0] AndroidManifest.xml:28:18-86
48        android:extractNativeLibs="false"
48-->INJECTED
49        android:icon="@mipmap/ic_launcher"
49-->src/main/AndroidManifest.xml:28:9-43
50        android:label="@string/app_name"
50-->src/main/AndroidManifest.xml:29:9-41
51        android:roundIcon="@mipmap/ic_launcher_round"
51-->src/main/AndroidManifest.xml:30:9-54
52        android:supportsRtl="true"
52-->src/main/AndroidManifest.xml:31:9-35
53        android:theme="@style/Theme.Material3.DayNight" >
53-->src/main/AndroidManifest.xml:32:9-56
54        <activity
54-->src/main/AndroidManifest.xml:34:9-48:20
55            android:name="com.example.smsgateway.MainActivity"
55-->src/main/AndroidManifest.xml:35:13-41
56            android:exported="true"
56-->src/main/AndroidManifest.xml:36:13-36
57            android:launchMode="singleTask" >
57-->src/main/AndroidManifest.xml:37:13-44
58            <intent-filter>
58-->src/main/AndroidManifest.xml:38:13-41:29
59                <action android:name="android.intent.action.MAIN" />
59-->src/main/AndroidManifest.xml:39:17-69
59-->src/main/AndroidManifest.xml:39:25-66
60
61                <category android:name="android.intent.category.LAUNCHER" />
61-->src/main/AndroidManifest.xml:40:17-77
61-->src/main/AndroidManifest.xml:40:27-74
62            </intent-filter>
63            <intent-filter>
63-->src/main/AndroidManifest.xml:42:13-44:29
64                <action android:name="android.hardware.usb.action.USB_ACCESSORY_ATTACHED" />
64-->src/main/AndroidManifest.xml:43:17-93
64-->src/main/AndroidManifest.xml:43:25-90
65            </intent-filter>
66
67            <meta-data
67-->src/main/AndroidManifest.xml:45:13-47:60
68                android:name="android.hardware.usb.action.USB_ACCESSORY_ATTACHED"
68-->src/main/AndroidManifest.xml:46:17-82
69                android:resource="@xml/accessory_filter" />
69-->src/main/AndroidManifest.xml:47:17-57
70        </activity>
71        <activity
71-->src/main/AndroidManifest.xml:50:9-52:40
72            android:name="com.example.smsgateway.ui.connection.ConnectionActivity"
72-->src/main/AndroidManifest.xml:51:13-61
73            android:exported="false" />
73-->src/main/AndroidManifest.xml:52:13-37
74
75        <service
75-->src/main/AndroidManifest.xml:54:9-62:19
76            android:name="com.example.smsgateway.service.GatewayService"
76-->src/main/AndroidManifest.xml:55:13-51
77            android:enabled="true"
77-->src/main/AndroidManifest.xml:56:13-35
78            android:exported="false"
78-->src/main/AndroidManifest.xml:57:13-37
79            android:foregroundServiceType="specialUse" >
79-->src/main/AndroidManifest.xml:58:13-55
80            <property
80-->src/main/AndroidManifest.xml:59:13-61:54
81                android:name="android.app.PROPERTY_SPECIAL_USE_FGS_SUBTYPE"
81-->src/main/AndroidManifest.xml:60:17-76
82                android:value="SMS gateway server" />
82-->src/main/AndroidManifest.xml:61:17-51
83        </service>
84
85        <receiver
85-->src/main/AndroidManifest.xml:64:9-71:20
86            android:name="com.example.smsgateway.sms.SmsReceiver"
86-->src/main/AndroidManifest.xml:65:13-44
87            android:exported="true"
87-->src/main/AndroidManifest.xml:66:13-36
88            android:permission="android.permission.BROADCAST_SMS" >
88-->src/main/AndroidManifest.xml:67:13-66
89            <intent-filter android:priority="999" >
89-->src/main/AndroidManifest.xml:68:13-70:29
89-->src/main/AndroidManifest.xml:68:28-50
90                <action android:name="android.provider.Telephony.SMS_RECEIVED" />
90-->src/main/AndroidManifest.xml:69:17-82
90-->src/main/AndroidManifest.xml:69:25-79
91            </intent-filter>
92        </receiver>
93
94        <provider
94-->[androidx.emoji2:emoji2:1.3.0] AndroidManifest.xml:24:9-32:20
95            android:name="androidx.startup.InitializationProvider"
95-->[androidx.emoji2:emoji2:1.3.0] AndroidManifest.xml:25:13-67
96            android:authorities="com.example.smsgateway.androidx-startup"
96-->[androidx.emoji2:emoji2:1.3.0] AndroidManifest.xml:26:13-68
97            android:exported="false" >
97-->[androidx.emoji2:emoji2:1.3.0] AndroidManifest.xml:27:13-37
98            <meta-data
98-->[androidx.emoji2:emoji2:1.3.0] AndroidManifest.xml:29:13-31:52
99                android:name="androidx.emoji2.text.EmojiCompatInitializer"
99-->[androidx.emoji2:emoji2:1.3.0] AndroidManifest.xml:30:17-75
100                android:value="androidx.startup" />
100-->[androidx.emoji2:emoji2:1.3.0] AndroidManifest.xml:31:17-49
101            <meta-data
101-->[androidx.lifecycle:lifecycle-process:2.8.7] AndroidManifest.xml:29:13-31:52
102                android:name="androidx.lifecycle.ProcessLifecycleInitializer"
102-->[androidx.lifecycle:lifecycle-process:2.8.7] AndroidManifest.xml:30:17-78
103                android:value="androidx.startup" />
103-->[androidx.lifecycle:lifecycle-process:2.8.7] AndroidManifest.xml:31:17-49
104            <meta-data
104-->[androidx.profileinstaller:profileinstaller:1.4.0] AndroidManifest.xml:29:13-31:52
105                android:name="androidx.profileinstaller.ProfileInstallerInitializer"
105-->[androidx.profileinstaller:profileinstaller:1.4.0] AndroidManifest.xml:30:17-85
106                android:value="androidx.startup" />
106-->[androidx.profileinstaller:profileinstaller:1.4.0] AndroidManifest.xml:31:17-49
107        </provider>
108
109        <receiver
109-->[androidx.profileinstaller:profileinstaller:1.4.0] AndroidManifest.xml:34:9-52:20
110            android:name="androidx.profileinstaller.ProfileInstallReceiver"
110-->[androidx.profileinstaller:profileinstaller:1.4.0] AndroidManifest.xml:35:13-76
111            android:directBootAware="false"
111-->[androidx.profileinstaller:profileinstaller:1.4.0] AndroidManifest.xml:36:13-44
112            android:enabled="true"
112-->[androidx.profileinstaller:profileinstaller:1.4.0] AndroidManifest.xml:37:13-35
113            android:exported="true"
113-->[androidx.profileinstaller:profileinstaller:1.4.0] AndroidManifest.xml:38:13-36
114            android:permission="android.permission.DUMP" >
114-->[androidx.profileinstaller:profileinstaller:1.4.0] AndroidManifest.xml:39:13-57
115            <intent-filter>
115-->[androidx.profileinstaller:profileinstaller:1.4.0] AndroidManifest.xml:40:13-42:29
116                <action android:name="androidx.profileinstaller.action.INSTALL_PROFILE" />
116-->[androidx.profileinstaller:profileinstaller:1.4.0] AndroidManifest.xml:41:17-91
116-->[androidx.profileinstaller:profileinstaller:1.4.0] AndroidManifest.xml:41:25-88
117            </intent-filter>
118            <intent-filter>
118-->[androidx.profileinstaller:profileinstaller:1.4.0] AndroidManifest.xml:43:13-45:29
119                <action android:name="androidx.profileinstaller.action.SKIP_FILE" />
119-->[androidx.profileinstaller:profileinstaller:1.4.0] AndroidManifest.xml:44:17-85
119-->[androidx.profileinstaller:profileinstaller:1.4.0] AndroidManifest.xml:44:25-82
120            </intent-filter>
121            <intent-filter>
121-->[androidx.profileinstaller:profileinstaller:1.4.0] AndroidManifest.xml:46:13-48:29
122                <action android:name="androidx.profileinstaller.action.SAVE_PROFILE" />
122-->[androidx.profileinstaller:profileinstaller:1.4.0] AndroidManifest.xml:47:17-88
122-->[androidx.profileinstaller:profileinstaller:1.4.0] AndroidManifest.xml:47:25-85
123            </intent-filter>
124            <intent-filter>
124-->[androidx.profileinstaller:profileinstaller:1.4.0] AndroidManifest.xml:49:13-51:29
125                <action android:name="androidx.profileinstaller.action.BENCHMARK_OPERATION" />
125-->[androidx.profileinstaller:profileinstaller:1.4.0] AndroidManifest.xml:50:17-95
125-->[androidx.profileinstaller:profileinstaller:1.4.0] AndroidManifest.xml:50:25-92
126            </intent-filter>
127        </receiver>
128    </application>
129
130</manifest>